<?xml version="1.0" encoding="UTF-8"?>
<!-- Generated by org.testng.reporters.JUnitXMLReporter -->
<testsuite ignored="2" hostname="LAPTOP-4CVKS6PQ" failures="0" tests="6" name="Test" time="96.777" errors="0" timestamp="2023-09-12T14:32:00 IST">
  <testcase classname="com.Crm.VtigerNew.organaisationTest.VerifyuserCreateOrganaisationTest" name="verifyuserCreateOrganaisationTest" time="11.47"/>
  <testcase classname="com.Crm.VtigerNew.contactsTest.VerifyuserCreateContactsTest" name="verifyUserCreateContactTest" time="8.065"/>
  <testcase classname="com.Crm.VtigerNew.contactsTest.VerifyuserCreateContactsTest" name="verifyUserCreateContactTest" time="10.047"/>
  <testcase classname="com.Crm.VtigerNew.contactsTest.VerifyuserCreateContactsTest" name="verifyUserCreateContactTest" time="10.67"/>
  <testcase classname="com.Crm.VtigerNew.contactsTest.VerifyuserCreateContactsTest" name="verifyUserCreateContactTest" time="10.37"/>
  <testcase classname="com.Crm.VtigerNew.contactsTest.VerifyuserCreateContactsTest" name="verifyUserCreateContactTest" time="9.557"/>
  <testcase classname="com.crm.vtiger.genericUtility.BaseClass" name="@BeforeSuite beforeSuiteConfiguration" time="0.0">
    <ignored/>
  </testcase> <!-- @BeforeSuite beforeSuiteConfiguration -->
  <testcase classname="com.crm.vtiger.genericUtility.BaseClass" name="@AfterSuite closeDatabaseConfig" time="0.0">
    <ignored/>
  </testcase> <!-- @AfterSuite closeDatabaseConfig -->
</testsuite> <!-- Test -->
