<?xml version="1.0" encoding="UTF-8"?>
<!-- Generated by org.testng.reporters.JUnitXMLReporter -->
<testsuite ignored="0" hostname="LAPTOP-4CVKS6PQ" failures="0" tests="5" name="Test2" time="92.254" errors="0" timestamp="2023-09-12T14:37:11 IST">
  <testcase classname="com.Crm.VtigerNew.contactsTest.VerifyuserCreateContactsTest" name="verifyUserCreateContactTest" time="10.826"/>
  <testcase classname="com.Crm.VtigerNew.contactsTest.VerifyuserCreateContactsTest" name="verifyUserCreateContactTest" time="8.813"/>
  <testcase classname="com.Crm.VtigerNew.contactsTest.VerifyuserCreateContactsTest" name="verifyUserCreateContactTest" time="8.911"/>
  <testcase classname="com.Crm.VtigerNew.contactsTest.VerifyuserCreateContactsTest" name="verifyUserCreateContactTest" time="9.123"/>
  <testcase classname="com.Crm.VtigerNew.contactsTest.VerifyuserCreateContactsTest" name="verifyUserCreateContactTest" time="8.918"/>
</testsuite> <!-- Test2 -->
