<?xml version="1.0" encoding="UTF-8"?>
<testng-results ignored="0" total="1" passed="1" failed="0" skipped="0">
  <reporter-output>
  </reporter-output>
  <suite started-at="2023-09-20T11:55:51 IST" name="Default suite" finished-at="2023-09-20T11:56:52 IST" duration-ms="60925">
    <groups>
    </groups>
    <test started-at="2023-09-20T11:55:51 IST" name="Default test" finished-at="2023-09-20T11:56:52 IST" duration-ms="60925">
      <class name="com.Crm.VtigerNew.contactsTest.VerifyuserCreateContactsTest">
        <test-method is-config="true" signature="beforeSuiteConfiguration()[pri:0, instance:com.Crm.VtigerNew.contactsTest.VerifyuserCreateContactsTest@15de0b3c]" started-at="2023-09-20T11:55:51 IST" name="beforeSuiteConfiguration" finished-at="2023-09-20T11:55:51 IST" duration-ms="48" status="PASS">
          <reporter-output>
          </reporter-output>
        </test-method> <!-- beforeSuiteConfiguration -->
        <test-method is-config="true" signature="launchBrowserConfig()[pri:0, instance:com.Crm.VtigerNew.contactsTest.VerifyuserCreateContactsTest@15de0b3c]" started-at="2023-09-20T11:55:51 IST" name="launchBrowserConfig" finished-at="2023-09-20T11:56:06 IST" duration-ms="15004" status="PASS">
          <reporter-output>
          </reporter-output>
        </test-method> <!-- launchBrowserConfig -->
        <test-method is-config="true" signature="loginAppConfig()[pri:0, instance:com.Crm.VtigerNew.contactsTest.VerifyuserCreateContactsTest@15de0b3c]" started-at="2023-09-20T11:56:06 IST" name="loginAppConfig" finished-at="2023-09-20T11:56:20 IST" duration-ms="13921" status="PASS">
          <reporter-output>
          </reporter-output>
        </test-method> <!-- loginAppConfig -->
        <test-method signature="verifyUserCreateContactTest()[pri:0, instance:com.Crm.VtigerNew.contactsTest.VerifyuserCreateContactsTest@15de0b3c]" started-at="2023-09-20T11:56:20 IST" name="verifyUserCreateContactTest" finished-at="2023-09-20T11:56:49 IST" duration-ms="29257" status="PASS">
          <reporter-output>
          </reporter-output>
        </test-method> <!-- verifyUserCreateContactTest -->
        <test-method is-config="true" signature="logoutAppConfig()[pri:0, instance:com.Crm.VtigerNew.contactsTest.VerifyuserCreateContactsTest@15de0b3c]" started-at="2023-09-20T11:56:49 IST" name="logoutAppConfig" finished-at="2023-09-20T11:56:52 IST" duration-ms="2216" status="PASS">
          <reporter-output>
          </reporter-output>
        </test-method> <!-- logoutAppConfig -->
        <test-method is-config="true" signature="closeBrowserConfig()[pri:0, instance:com.Crm.VtigerNew.contactsTest.VerifyuserCreateContactsTest@15de0b3c]" started-at="2023-09-20T11:56:52 IST" name="closeBrowserConfig" finished-at="2023-09-20T11:56:52 IST" duration-ms="483" status="PASS">
          <reporter-output>
          </reporter-output>
        </test-method> <!-- closeBrowserConfig -->
        <test-method is-config="true" signature="closeDatabaseConfig()[pri:0, instance:com.Crm.VtigerNew.contactsTest.VerifyuserCreateContactsTest@15de0b3c]" started-at="2023-09-20T11:56:52 IST" name="closeDatabaseConfig" finished-at="2023-09-20T11:56:52 IST" duration-ms="0" status="PASS">
          <reporter-output>
          </reporter-output>
        </test-method> <!-- closeDatabaseConfig -->
      </class> <!-- com.Crm.VtigerNew.contactsTest.VerifyuserCreateContactsTest -->
    </test> <!-- Default test -->
  </suite> <!-- Default suite -->
</testng-results>
